<?xml version="1.0" encoding="UTF-8"?>
<coverage generated="1618731426849" clover="3.2.0">
  <project timestamp="1618731426849" name="All files">
    <metrics statements="34" coveredstatements="34" conditionals="6" coveredconditionals="5" methods="7" coveredmethods="7" elements="47" coveredelements="46" complexity="0" loc="34" ncloc="34" packages="3" files="4" classes="4"/>
    <package name="class">
      <metrics statements="26" coveredstatements="26" conditionals="6" coveredconditionals="5" methods="6" coveredmethods="6"/>
      <file name="block.js" path="/Users/arifulhb/Workspace/arif/projects/aircoin/src/class/block.js">
        <metrics statements="11" coveredstatements="11" conditionals="0" coveredconditionals="0" methods="3" coveredmethods="3"/>
        <line num="1" count="2" type="stmt"/>
        <line num="2" count="2" type="stmt"/>
        <line num="18" count="28" type="stmt"/>
        <line num="19" count="28" type="stmt"/>
        <line num="20" count="28" type="stmt"/>
        <line num="21" count="28" type="stmt"/>
        <line num="29" count="13" type="stmt"/>
        <line num="39" count="14" type="stmt"/>
        <line num="40" count="14" type="stmt"/>
        <line num="42" count="14" type="stmt"/>
        <line num="53" count="2" type="stmt"/>
      </file>
      <file name="blockchain.js" path="/Users/arifulhb/Workspace/arif/projects/aircoin/src/class/blockchain.js">
        <metrics statements="15" coveredstatements="15" conditionals="6" coveredconditionals="5" methods="3" coveredmethods="3"/>
        <line num="1" count="1" type="stmt"/>
        <line num="2" count="1" type="stmt"/>
        <line num="13" count="7" type="stmt"/>
        <line num="21" count="13" type="stmt"/>
        <line num="26" count="13" type="stmt"/>
        <line num="36" count="3" type="cond" truecount="2" falsecount="0"/>
        <line num="37" count="1" type="stmt"/>
        <line num="40" count="2" type="stmt"/>
        <line num="41" count="6" type="stmt"/>
        <line num="42" count="6" type="stmt"/>
        <line num="44" count="6" type="cond" truecount="2" falsecount="0"/>
        <line num="46" count="5" type="stmt"/>
        <line num="48" count="5" type="cond" truecount="1" falsecount="1"/>
        <line num="51" count="1" type="stmt"/>
        <line num="55" count="1" type="stmt"/>
      </file>
    </package>
    <package name="config">
      <metrics statements="2" coveredstatements="2" conditionals="0" coveredconditionals="0" methods="0" coveredmethods="0"/>
      <file name="genesis-data.js" path="/Users/arifulhb/Workspace/arif/projects/aircoin/src/config/genesis-data.js">
        <metrics statements="2" coveredstatements="2" conditionals="0" coveredconditionals="0" methods="0" coveredmethods="0"/>
        <line num="1" count="2" type="stmt"/>
        <line num="8" count="2" type="stmt"/>
      </file>
    </package>
    <package name="helper">
      <metrics statements="6" coveredstatements="6" conditionals="0" coveredconditionals="0" methods="1" coveredmethods="1"/>
      <file name="crypto-hash.js" path="/Users/arifulhb/Workspace/arif/projects/aircoin/src/helper/crypto-hash.js">
        <metrics statements="6" coveredstatements="6" conditionals="0" coveredconditionals="0" methods="1" coveredmethods="1"/>
        <line num="1" count="3" type="stmt"/>
        <line num="8" count="3" type="stmt"/>
        <line num="9" count="23" type="stmt"/>
        <line num="11" count="23" type="stmt"/>
        <line num="13" count="23" type="stmt"/>
        <line num="16" count="3" type="stmt"/>
      </file>
    </package>
  </project>
</coverage>
