{"/Users/arifulhb/Workspace/arif/projects/aircoin/src/class/block.js": {"path":"/Users/arifulhb/Workspace/arif/projects/aircoin/src/class/block.js","statementMap":{"0":{"start":{"line":1,"column":21},"end":{"line":1,"column":54}},"1":{"start":{"line":2,"column":19},"end":{"line":2,"column":51}},"2":{"start":{"line":18,"column":4},"end":{"line":18,"column":21}},"3":{"start":{"line":19,"column":4},"end":{"line":19,"column":31}},"4":{"start":{"line":20,"column":4},"end":{"line":20,"column":29}},"5":{"start":{"line":21,"column":4},"end":{"line":21,"column":21}},"6":{"start":{"line":29,"column":4},"end":{"line":29,"column":34}},"7":{"start":{"line":39,"column":22},"end":{"line":39,"column":32}},"8":{"start":{"line":40,"column":21},"end":{"line":40,"column":35}},"9":{"start":{"line":42,"column":4},"end":{"line":47,"column":7}},"10":{"start":{"line":53,"column":0},"end":{"line":53,"column":23}}},"fnMap":{"0":{"name":"(anonymous_0)","decl":{"start":{"line":12,"column":2},"end":{"line":12,"column":3}},"loc":{"start":{"line":17,"column":5},"end":{"line":22,"column":3}},"line":17},"1":{"name":"(anonymous_1)","decl":{"start":{"line":28,"column":2},"end":{"line":28,"column":3}},"loc":{"start":{"line":28,"column":24},"end":{"line":30,"column":3}},"line":28},"2":{"name":"(anonymous_2)","decl":{"start":{"line":37,"column":2},"end":{"line":37,"column":3}},"loc":{"start":{"line":37,"column":38},"end":{"line":49,"column":3}},"line":37}},"branchMap":{},"s":{"0":2,"1":2,"2":28,"3":28,"4":28,"5":28,"6":13,"7":14,"8":14,"9":14,"10":2},"f":{"0":28,"1":13,"2":14},"b":{},"_coverageSchema":"1a1c01bbd47fc00a2c39e90264f33305004495a9","hash":"a9c93d75059267f5db545b286a30adadb8a5f2e7"}
,"/Users/arifulhb/Workspace/arif/projects/aircoin/src/class/blockchain.js": {"path":"/Users/arifulhb/Workspace/arif/projects/aircoin/src/class/blockchain.js","statementMap":{"0":{"start":{"line":1,"column":14},"end":{"line":1,"column":32}},"1":{"start":{"line":2,"column":19},"end":{"line":2,"column":51}},"2":{"start":{"line":13,"column":4},"end":{"line":13,"column":40}},"3":{"start":{"line":21,"column":20},"end":{"line":24,"column":6}},"4":{"start":{"line":26,"column":4},"end":{"line":26,"column":30}},"5":{"start":{"line":36,"column":4},"end":{"line":38,"column":5}},"6":{"start":{"line":37,"column":6},"end":{"line":37,"column":19}},"7":{"start":{"line":40,"column":4},"end":{"line":49,"column":5}},"8":{"start":{"line":40,"column":17},"end":{"line":40,"column":18}},"9":{"start":{"line":41,"column":48},"end":{"line":41,"column":56}},"10":{"start":{"line":42,"column":29},"end":{"line":42,"column":44}},"11":{"start":{"line":44,"column":6},"end":{"line":44,"column":52}},"12":{"start":{"line":44,"column":39},"end":{"line":44,"column":52}},"13":{"start":{"line":46,"column":28},"end":{"line":46,"column":65}},"14":{"start":{"line":48,"column":6},"end":{"line":48,"column":48}},"15":{"start":{"line":48,"column":35},"end":{"line":48,"column":48}},"16":{"start":{"line":51,"column":4},"end":{"line":51,"column":16}},"17":{"start":{"line":55,"column":0},"end":{"line":55,"column":28}}},"fnMap":{"0":{"name":"(anonymous_0)","decl":{"start":{"line":12,"column":2},"end":{"line":12,"column":3}},"loc":{"start":{"line":12,"column":17},"end":{"line":14,"column":3}},"line":12},"1":{"name":"(anonymous_1)","decl":{"start":{"line":20,"column":2},"end":{"line":20,"column":3}},"loc":{"start":{"line":20,"column":19},"end":{"line":27,"column":3}},"line":20},"2":{"name":"(anonymous_2)","decl":{"start":{"line":33,"column":2},"end":{"line":33,"column":3}},"loc":{"start":{"line":33,"column":29},"end":{"line":52,"column":3}},"line":33}},"branchMap":{"0":{"loc":{"start":{"line":36,"column":4},"end":{"line":38,"column":5}},"type":"if","locations":[{"start":{"line":36,"column":4},"end":{"line":38,"column":5}},{"start":{"line":36,"column":4},"end":{"line":38,"column":5}}],"line":36},"1":{"loc":{"start":{"line":44,"column":6},"end":{"line":44,"column":52}},"type":"if","locations":[{"start":{"line":44,"column":6},"end":{"line":44,"column":52}},{"start":{"line":44,"column":6},"end":{"line":44,"column":52}}],"line":44},"2":{"loc":{"start":{"line":48,"column":6},"end":{"line":48,"column":48}},"type":"if","locations":[{"start":{"line":48,"column":6},"end":{"line":48,"column":48}},{"start":{"line":48,"column":6},"end":{"line":48,"column":48}}],"line":48}},"s":{"0":1,"1":1,"2":7,"3":13,"4":13,"5":3,"6":1,"7":2,"8":2,"9":6,"10":6,"11":6,"12":1,"13":5,"14":5,"15":0,"16":1,"17":1},"f":{"0":7,"1":13,"2":3},"b":{"0":[1,2],"1":[1,5],"2":[0,5]},"_coverageSchema":"1a1c01bbd47fc00a2c39e90264f33305004495a9","hash":"8a1a3d33e4e00849a0eb792d3715a861cde8c955"}
,"/Users/arifulhb/Workspace/arif/projects/aircoin/src/config/genesis-data.js": {"path":"/Users/arifulhb/Workspace/arif/projects/aircoin/src/config/genesis-data.js","statementMap":{"0":{"start":{"line":1,"column":21},"end":{"line":6,"column":1}},"1":{"start":{"line":8,"column":0},"end":{"line":8,"column":29}}},"fnMap":{},"branchMap":{},"s":{"0":2,"1":2},"f":{},"b":{},"_coverageSchema":"1a1c01bbd47fc00a2c39e90264f33305004495a9","hash":"913c95561578d296c4de1c27b36ba62bbc473f81"}
,"/Users/arifulhb/Workspace/arif/projects/aircoin/src/helper/crypto-hash.js": {"path":"/Users/arifulhb/Workspace/arif/projects/aircoin/src/helper/crypto-hash.js","statementMap":{"0":{"start":{"line":1,"column":15},"end":{"line":1,"column":32}},"1":{"start":{"line":8,"column":19},"end":{"line":14,"column":1}},"2":{"start":{"line":9,"column":15},"end":{"line":9,"column":42}},"3":{"start":{"line":11,"column":2},"end":{"line":11,"column":39}},"4":{"start":{"line":13,"column":2},"end":{"line":13,"column":28}},"5":{"start":{"line":16,"column":0},"end":{"line":16,"column":28}}},"fnMap":{"0":{"name":"(anonymous_0)","decl":{"start":{"line":8,"column":19},"end":{"line":8,"column":20}},"loc":{"start":{"line":8,"column":34},"end":{"line":14,"column":1}},"line":8}},"branchMap":{},"s":{"0":3,"1":3,"2":23,"3":23,"4":23,"5":3},"f":{"0":23},"b":{},"_coverageSchema":"1a1c01bbd47fc00a2c39e90264f33305004495a9","hash":"936c6cf3636c9025d698cdc7bbcf55fc3314e764"}
}
