TN:
SF:src/class/block.js
FN:12,(anonymous_0)
FN:28,(anonymous_1)
FN:37,(anonymous_2)
FNF:3
FNH:3
FNDA:4,(anonymous_0)
FNDA:2,(anonymous_1)
FNDA:1,(anonymous_2)
DA:1,1
DA:2,1
DA:18,4
DA:19,4
DA:20,4
DA:21,4
DA:29,2
DA:39,1
DA:40,1
DA:42,1
DA:53,1
LF:11
LH:11
BRF:0
BRH:0
end_of_record
TN:
SF:src/config/genesis-data.js
FNF:0
FNH:0
DA:1,1
DA:8,1
LF:2
LH:2
BRF:0
BRH:0
end_of_record
TN:
SF:src/helper/crypto-hash.js
FN:8,(anonymous_0)
FNF:1
FNH:1
FNDA:5,(anonymous_0)
DA:1,2
DA:8,2
DA:9,5
DA:11,5
DA:13,5
DA:16,2
LF:6
LH:6
BRF:0
BRH:0
end_of_record
