TN:
SF:src/class/block.js
FN:12,(anonymous_0)
FN:28,(anonymous_1)
FN:37,(anonymous_2)
FNF:3
FNH:3
FNDA:7,(anonymous_0)
FNDA:4,(anonymous_1)
FNDA:2,(anonymous_2)
DA:1,2
DA:2,2
DA:18,7
DA:19,7
DA:20,7
DA:21,7
DA:29,4
DA:39,2
DA:40,2
DA:42,2
DA:53,2
LF:11
LH:11
BRF:0
BRH:0
end_of_record
TN:
SF:src/class/blockchain.js
FN:8,(anonymous_0)
FN:16,(anonymous_1)
FNF:2
FNH:2
FNDA:1,(anonymous_0)
FNDA:1,(anonymous_1)
DA:1,1
DA:9,1
DA:17,1
DA:22,1
DA:26,1
LF:5
LH:5
BRF:0
BRH:0
end_of_record
TN:
SF:src/config/genesis-data.js
FNF:0
FNH:0
DA:1,2
DA:8,2
LF:2
LH:2
BRF:0
BRH:0
end_of_record
TN:
SF:src/helper/crypto-hash.js
FN:8,(anonymous_0)
FNF:1
FNH:1
FNDA:6,(anonymous_0)
DA:1,3
DA:8,3
DA:9,6
DA:11,6
DA:13,6
DA:16,3
LF:6
LH:6
BRF:0
BRH:0
end_of_record
